<?xml version="1.0" encoding="UTF-8"?>
<!-- Generated by org.testng.reporters.JUnitReportReporter -->
<testsuite hostname="LAPTOP-RG1KPSJ0" failures="0" tests="1" name="testscripts.DataParamTest" time="10.330" errors="0" timestamp="2021-03-09T00:42:32 IST" skipped="0">
  <testcase classname="testscripts.DataParamTest" name="loginTest" time="10.330"/>
  <system-out/>
</testsuite> <!-- testscripts.DataParamTest -->
