<?xml version="1.0" encoding="UTF-8"?>
<!-- Generated by org.testng.reporters.JUnitReportReporter -->
<testsuite hostname="LAPTOP-RG1KPSJ0" failures="0" tests="1" name="testscripts.ExcelReadTest" time="9.094" errors="0" timestamp="2021-03-10T12:20:08 IST" skipped="0">
  <testcase classname="testscripts.ExcelReadTest" name="loginTest" time="9.094"/>
  <system-out/>
</testsuite> <!-- testscripts.ExcelReadTest -->
