<?xml version="1.0" encoding="UTF-8"?>
<!-- Generated by org.testng.reporters.JUnitReportReporter -->
<testsuite hostname="LAPTOP-RG1KPSJ0" failures="0" tests="3" name="parallelTests.TestClass1" time="0.015" errors="0" timestamp="2021-03-09T01:28:29 IST" skipped="0">
  <testcase classname="parallelTests.TestClass1" name="TestOne" time="0.012"/>
  <system-out/>
  <testcase classname="parallelTests.TestClass1" name="TestTwo" time="0.001"/>
  <system-out/>
  <testcase classname="parallelTests.TestClass1" name="TestThree" time="0.002"/>
  <system-out/>
</testsuite> <!-- parallelTests.TestClass1 -->
