<?xml version="1.0" encoding="UTF-8"?>
<!-- Generated by org.testng.reporters.JUnitReportReporter -->
<testsuite hostname="LAPTOP-RG1KPSJ0" failures="0" tests="1" name="testscripts.PropReadTest" time="9.602" errors="0" timestamp="2021-03-09T13:02:38 IST" skipped="0">
  <testcase classname="testscripts.PropReadTest" name="loginTest" time="9.602"/>
  <system-out/>
</testsuite> <!-- testscripts.PropReadTest -->
