<?xml version="1.0" encoding="UTF-8"?>
<!-- Generated by org.testng.reporters.JUnitReportReporter -->
<testsuite hostname="LAPTOP-RG1KPSJ0" failures="0" tests="4" name="testscripts.HtmlUnitTest" time="3.622" errors="0" timestamp="2021-03-09T11:13:31 IST" skipped="3">
  <testcase classname="testscripts.HtmlUnitTest" name="searchAppiumTest" time="3.622"/>
  <system-out/>
  <testcase classname="testscripts.HtmlUnitTest" name="searchSeleniumTest">
    <skipped/>
  </testcase> <!-- searchSeleniumTest -->
  <system-out/>
  <testcase classname="testscripts.HtmlUnitTest" name="searchCucumberTest">
    <skipped/>
  </testcase> <!-- searchCucumberTest -->
  <system-out/>
  <testcase classname="testscripts.HtmlUnitTest" name="searchJavaTest">
    <skipped/>
  </testcase> <!-- searchJavaTest -->
  <system-out/>
</testsuite> <!-- testscripts.HtmlUnitTest -->
