<?xml version="1.0" encoding="UTF-8"?>
<!-- Generated by org.testng.reporters.JUnitReportReporter -->
<testsuite hostname="LAPTOP-RG1KPSJ0" failures="0" tests="4" name="parallelTests.IndependantThread" time="0.030" errors="0" timestamp="2021-03-09T01:39:43 IST" skipped="0">
  <testcase classname="parallelTests.IndependantThread" name="testMethod" time="0.013"/>
  <system-out/>
  <testcase classname="parallelTests.IndependantThread" name="testMethod" time="0.002"/>
  <system-out/>
  <testcase classname="parallelTests.IndependantThread" name="testMethod" time="0.013"/>
  <system-out/>
  <testcase classname="parallelTests.IndependantThread" name="testMethod" time="0.002"/>
  <system-out/>
</testsuite> <!-- parallelTests.IndependantThread -->
