<?xml version="1.0" encoding="UTF-8"?>
<!-- Generated by org.testng.reporters.JUnitReportReporter -->
<testsuite hostname="LAPTOP-RG1KPSJ0" failures="0" tests="3" name="parallelTests.MethodTest" time="0.035" errors="0" timestamp="2021-03-09T01:36:54 IST" skipped="0">
  <testcase classname="parallelTests.MethodTest" name="TestTwo" time="0.009"/>
  <system-out/>
  <testcase classname="parallelTests.MethodTest" name="TestThree" time="0.008"/>
  <system-out/>
  <testcase classname="parallelTests.MethodTest" name="TestOne" time="0.018"/>
  <system-out/>
</testsuite> <!-- parallelTests.MethodTest -->
