<?xml version="1.0" encoding="UTF-8"?>
<!-- Generated by org.testng.reporters.JUnitReportReporter -->
<testsuite hostname="LAPTOP-RG1KPSJ0" failures="0" tests="1" name="testscripts.SampleGroupTests" time="0.006" errors="0" timestamp="2021-03-05T11:46:27 IST" skipped="0">
  <testcase classname="testscripts.SampleGroupTests" name="ModulusTest" time="0.006"/>
  <system-out/>
</testsuite> <!-- testscripts.SampleGroupTests -->
